<?xml version="1.0" encoding="UTF-8"?>
<testsuite name="JunitTest" tests="3" skipped="0" failures="0" errors="0" timestamp="2021-10-14T17:20:53" hostname="DESKTOP-JVANGHO" time="0.068">
  <properties/>
  <testcase name="testGettersAndSetters" classname="JunitTest" time="0.068"/>
  <testcase name="testProgram" classname="JunitTest" time="0.0"/>
  <testcase name="studentGetUsernameTest" classname="JunitTest" time="0.0"/>
  <system-out><![CDATA[]]></system-out>
  <system-err><![CDATA[]]></system-err>
</testsuite>
